<?xml version="1.0" encoding="UTF-8"?>
<!-- Generated by org.testng.reporters.JUnitReportReporter -->
<testsuite hostname="LAPTOP-9QTMGDJ4" failures="0" tests="19" name="TestRunner" time="67.149" errors="0" timestamp="2024-06-08T22:13:52 IST" skipped="0">
  <testcase classname="TestRunner" name="runScenario" time="3.384"/>
  <testcase classname="TestRunner" name="runScenario" time="2.738"/>
  <testcase classname="TestRunner" name="runScenario" time="4.362"/>
  <testcase classname="TestRunner" name="runScenario" time="2.748"/>
  <testcase classname="TestRunner" name="runScenario" time="2.802"/>
  <testcase classname="TestRunner" name="runScenario" time="3.782"/>
  <testcase classname="TestRunner" name="runScenario" time="6.799"/>
  <testcase classname="TestRunner" name="runScenario" time="2.853"/>
  <testcase classname="TestRunner" name="runScenario" time="3.403"/>
  <testcase classname="TestRunner" name="runScenario" time="2.927"/>
  <testcase classname="TestRunner" name="runScenario" time="2.941"/>
  <testcase classname="TestRunner" name="runScenario" time="5.032"/>
  <testcase classname="TestRunner" name="runScenario" time="2.016"/>
  <testcase classname="TestRunner" name="runScenario" time="4.537"/>
  <testcase classname="TestRunner" name="runScenario" time="3.998"/>
  <testcase classname="TestRunner" name="runScenario" time="2.751"/>
  <testcase classname="TestRunner" name="runScenario" time="3.828"/>
  <testcase classname="TestRunner" name="runScenario" time="2.802"/>
  <testcase classname="TestRunner" name="runScenario" time="3.446"/>
</testsuite> <!-- TestRunner -->
